app/mapping.txt
com.lxw.videoworld.R -> com.lxw.videoworld.a:
com.lxw.videoworld.R$styleable -> com.lxw.videoworld.a$a:
    int[] ActionBar -> ActionBar
    int ActionBar_background -> ActionBar_background
    int ActionBar_backgroundSplit -> ActionBar_backgroundSplit
    int ActionBar_backgroundStacked -> ActionBar_backgroundStacked
    int ActionBar_contentInsetEnd -> ActionBar_contentInsetEnd
    int ActionBar_contentInsetEndWithActions -> ActionBar_contentInsetEndWithActions
    int ActionBar_contentInsetLeft -> ActionBar_contentInsetLeft
    int ActionBar_contentInsetRight -> ActionBar_contentInsetRight
    int ActionBar_contentInsetStart -> ActionBar_contentInsetStart
    int ActionBar_contentInsetStartWithNavigation -> ActionBar_contentInsetStartWithNavigation
    int ActionBar_customNavigationLayout -> ActionBar_customNavigationLayout
    int ActionBar_displayOptions -> ActionBar_displayOptions
    int ActionBar_divider -> ActionBar_divider
    int ActionBar_elevation -> ActionBar_elevation
    int ActionBar_height -> ActionBar_height
    int ActionBar_hideOnContentScroll -> ActionBar_hideOnContentScroll
    int ActionBar_homeAsUpIndicator -> ActionBar_homeAsUpIndicator
    int ActionBar_homeLayout -> ActionBar_homeLayout
    int ActionBar_icon -> ActionBar_icon
    int ActionBar_indeterminateProgressStyle -> ActionBar_indeterminateProgressStyle
    int ActionBar_itemPadding -> ActionBar_itemPadding
    int ActionBar_logo -> ActionBar_logo
    int ActionBar_navigationMode -> ActionBar_navigationMode
com.lxw.videoworld.app.adapter.QuickFragmentPageAdapter -> com.lxw.videoworld.app.adapter.QuickFragmentPageAdapter:
    java.util.List mList -> a
    java.lang.String[] mStrings -> b
    void <init>(android.support.v4.app.FragmentManager,java.util.List,java.lang.String[]) -> <init>
    android.support.v4.app.Fragment getItem(int) -> a
    int getCount() -> b
    java.lang.CharSequence getPageTitle(int) -> c
com.lxw.videoworld.app.adapter.QuickFragmentStatePageAdapter -> com.lxw.videoworld.app.adapter.QuickFragmentStatePageAdapter:
    java.util.List mList -> a
    java.lang.String[] mStrings -> b
    android.support.v4.app.Fragment getItem(int) -> a
    int getCount() -> b
    java.lang.CharSequence getPageTitle(int) -> c
com.lxw.videoworld.app.api.HttpHelper -> com.lxw.videoworld.app.a.a:
    retrofit2.Retrofit retrofit -> c
    com.lxw.videoworld.app.api.HttpService httpService -> a
    com.lxw.videoworld.app.api.HttpHelper httpHelper -> b
    void <init>() -> <init>
    com.lxw.videoworld.app.api.HttpHelper getInstance() -> a
    io.reactivex.Observable getConfig(java.lang.String) -> a
    io.reactivex.Observable getList(java.lang.String,java.lang.String,java.lang.String,java.lang.String,java.lang.String) -> a
    io.reactivex.Observable getSearch(java.lang.String,java.lang.String,java.lang.String) -> a
    io.reactivex.Observable getSearchResult(java.lang.String) -> b
    io.reactivex.Observable addFeedback(java.lang.String) -> c
    io.reactivex.Observable getDetail(java.lang.String,java.lang.String) -> a
    io.reactivex.Observable addUserInfo(java.lang.String,java.lang.String,java.lang.String,java.lang.String) -> a
    void <clinit>() -> <clinit>
com.lxw.videoworld.app.api.HttpHelper$1 -> com.lxw.videoworld.app.a.a$1:
    com.lxw.videoworld.app.api.HttpHelper this$0 -> a
    void <init>(com.lxw.videoworld.app.api.HttpHelper) -> <init>
    okhttp3.Response intercept(okhttp3.Interceptor$Chain) -> a
...
retrofit2.ExecutorCallAdapterFactory -> retrofit2.ExecutorCallAdapterFactory:
    java.util.concurrent.Executor callbackExecutor -> callbackExecutor
    void <init>(java.util.concurrent.Executor) -> <init>
    retrofit2.CallAdapter get(java.lang.reflect.Type,java.lang.annotation.Annotation[],retrofit2.Retrofit) -> get
retrofit2.ExecutorCallAdapterFactory$1 -> retrofit2.ExecutorCallAdapterFactory$1:
    java.lang.reflect.Type val$responseType -> val$responseType
    retrofit2.ExecutorCallAdapterFactory this$0 -> this$0
    void <init>(retrofit2.ExecutorCallAdapterFactory,java.lang.reflect.Type) -> <init>
    java.lang.reflect.Type responseType() -> responseType
    retrofit2.Call adapt(retrofit2.Call) -> adapt
    java.lang.Object adapt(retrofit2.Call) -> adapt
retrofit2.ExecutorCallAdapterFactory$ExecutorCallbackCall -> retrofit2.ExecutorCallAdapterFactory$ExecutorCallbackCall:
    java.util.concurrent.Executor callbackExecutor -> callbackExecutor
    retrofit2.Call delegate -> delegate
    void <init>(java.util.concurrent.Executor,retrofit2.Call) -> <init>
    void enqueue(retrofit2.Callback) -> enqueue
    boolean isExecuted() -> isExecuted
    retrofit2.Response execute() -> execute
    void cancel() -> cancel
    boolean isCanceled() -> isCanceled
    retrofit2.Call clone() -> clone
    okhttp3.Request request() -> request
    java.lang.Object clone() -> clone
retrofit2.ExecutorCallAdapterFactory$ExecutorCallbackCall$1 -> retrofit2.ExecutorCallAdapterFactory$ExecutorCallbackCall$1:
    retrofit2.Callback val$callback -> val$callback
    retrofit2.ExecutorCallAdapterFactory$ExecutorCallbackCall this$0 -> this$0
    void <init>(retrofit2.ExecutorCallAdapterFactory$ExecutorCallbackCall,retrofit2.Callback) -> <init>
    void onResponse(retrofit2.Call,retrofit2.Response) -> onResponse
    void onFailure(retrofit2.Call,java.lang.Throwable) -> onFailure
retrofit2.ExecutorCallAdapterFactory$ExecutorCallbackCall$1$1 -> retrofit2.ExecutorCallAdapterFactory$ExecutorCallbackCall$1$1:
    retrofit2.Response val$response -> val$response
    retrofit2.ExecutorCallAdapterFactory$ExecutorCallbackCall$1 this$1 -> this$1
    void <init>(retrofit2.ExecutorCallAdapterFactory$ExecutorCallbackCall$1,retrofit2.Response) -> <init>
    void run() -> run
retrofit2.ExecutorCallAdapterFactory$ExecutorCallbackCall$1$2 -> retrofit2.ExecutorCallAdapterFactory$ExecutorCallbackCall$1$2:
    java.lang.Throwable val$t -> val$t
    retrofit2.ExecutorCallAdapterFactory$ExecutorCallbackCall$1 this$1 -> this$1
    void <init>(retrofit2.ExecutorCallAdapterFactory$ExecutorCallbackCall$1,java.lang.Throwable) -> <init>
    void run() -> run
retrofit2.HttpException -> retrofit2.HttpException:
    int code -> code
    java.lang.String message -> message
    retrofit2.Response response -> response
    java.lang.String getMessage(retrofit2.Response) -> getMessage
    void <init>(retrofit2.Response) -> <init>
    int code() -> code
    java.lang.String message() -> message
    retrofit2.Response response() -> response
retrofit2.OkHttpCall -> retrofit2.OkHttpCall:
    retrofit2.ServiceMethod serviceMethod -> serviceMethod
    java.lang.Object[] args -> args
    boolean canceled -> canceled
    okhttp3.Call rawCall -> rawCall
    java.lang.Throwable creationFailure -> creationFailure
    boolean executed -> executed
    void <init>(retrofit2.ServiceMethod,java.lang.Object[]) -> <init>
    retrofit2.OkHttpCall clone() -> clone
    okhttp3.Request request() -> request
    void enqueue(retrofit2.Callback) -> enqueue
    boolean isExecuted() -> isExecuted
    retrofit2.Response execute() -> execute
    okhttp3.Call createRawCall() -> createRawCall
    retrofit2.Response parseResponse(okhttp3.Response) -> parseResponse
    void cancel() -> cancel
    boolean isCanceled() -> isCanceled
    java.lang.Object clone() -> clone
    retrofit2.Call clone() -> clone